<?xml version="1.0" encoding="UTF-8"?>
<testng-results ignored="0" total="1" passed="1" failed="0" skipped="0">
  <reporter-output>
  </reporter-output>
  <suite started-at="2025-09-26T20:42:55 IST" name="Default suite" finished-at="2025-09-26T20:43:01 IST" duration-ms="6504">
    <groups>
    </groups>
    <test started-at="2025-09-26T20:42:55 IST" name="Default test" finished-at="2025-09-26T20:43:01 IST" duration-ms="6504">
      <class name="testScripts.LoginTest">
        <test-method is-config="true" signature="initializeBrowser()[pri:0, instance:testScripts.LoginTest@3c19aaa5]" started-at="2025-09-26T20:42:55 IST" name="initializeBrowser" finished-at="2025-09-26T20:42:59 IST" duration-ms="3848" status="PASS">
          <reporter-output>
          </reporter-output>
        </test-method> <!-- initializeBrowser -->
        <test-method signature="verifyWetherUserIsAbleToLoginWithValidCredentials()[pri:0, instance:testScripts.LoginTest@3c19aaa5]" started-at="2025-09-26T20:42:59 IST" name="verifyWetherUserIsAbleToLoginWithValidCredentials" finished-at="2025-09-26T20:43:01 IST" duration-ms="2062" status="PASS">
          <reporter-output>
          </reporter-output>
        </test-method> <!-- verifyWetherUserIsAbleToLoginWithValidCredentials -->
        <test-method is-config="true" signature="driverClose()[pri:0, instance:testScripts.LoginTest@3c19aaa5]" started-at="2025-09-26T20:43:01 IST" name="driverClose" finished-at="2025-09-26T20:43:01 IST" duration-ms="559" status="PASS">
          <reporter-output>
          </reporter-output>
        </test-method> <!-- driverClose -->
      </class> <!-- testScripts.LoginTest -->
    </test> <!-- Default test -->
  </suite> <!-- Default suite -->
</testng-results>
